add_team: SUCCESS
add_team: SUCCESS
add_team: SUCCESS
add_team: SUCCESS
add_team: SUCCESS
add_team: SUCCESS
add_team: SUCCESS
add_team: SUCCESS
add_team: SUCCESS
add_team: SUCCESS
add_team: SUCCESS
add_team: SUCCESS
add_team: SUCCESS
add_team: SUCCESS
add_team: SUCCESS
add_team: SUCCESS
add_team: SUCCESS
add_team: SUCCESS
add_team: SUCCESS
add_team: SUCCESS
add_team: SUCCESS
add_team: SUCCESS
add_team: SUCCESS
add_team: SUCCESS
add_team: SUCCESS
add_team: SUCCESS
add_team: SUCCESS
add_team: SUCCESS
add_team: SUCCESS
add_team: SUCCESS
add_team: SUCCESS
add_team: SUCCESS
add_team: SUCCESS
add_team: SUCCESS
add_team: SUCCESS
add_team: SUCCESS
add_team: SUCCESS
add_team: SUCCESS
add_team: SUCCESS
add_team: SUCCESS
add_team: SUCCESS
add_team: SUCCESS
add_team: SUCCESS
add_team: SUCCESS
add_team: SUCCESS
add_team: SUCCESS
add_team: SUCCESS
add_team: SUCCESS
add_team: SUCCESS
add_team: SUCCESS
add_team: SUCCESS
add_team: SUCCESS
add_team: SUCCESS
add_team: SUCCESS
add_team: SUCCESS
add_team: SUCCESS
add_team: SUCCESS
add_team: SUCCESS
add_team: SUCCESS
add_team: SUCCESS
add_team: SUCCESS
add_team: SUCCESS
add_team: SUCCESS
add_team: SUCCESS
add_team: SUCCESS
add_team: SUCCESS
add_team: SUCCESS
add_team: SUCCESS
add_team: SUCCESS
add_team: SUCCESS
add_team: SUCCESS
add_team: SUCCESS
add_team: SUCCESS
add_team: SUCCESS
add_team: SUCCESS
add_team: SUCCESS
add_team: SUCCESS
add_team: SUCCESS
add_team: SUCCESS
add_team: SUCCESS
add_team: SUCCESS
add_team: SUCCESS
add_team: SUCCESS
add_team: SUCCESS
add_team: SUCCESS
add_team: SUCCESS
add_team: SUCCESS
add_team: SUCCESS
add_team: SUCCESS
add_team: SUCCESS
add_team: SUCCESS
add_team: SUCCESS
add_team: SUCCESS
add_team: SUCCESS
add_team: SUCCESS
add_team: SUCCESS
add_team: SUCCESS
add_team: SUCCESS
add_team: SUCCESS
add_team: SUCCESS
add_player: SUCCESS
add_player: SUCCESS
add_player: SUCCESS
add_player: SUCCESS
add_player: SUCCESS
add_player: SUCCESS
add_player: SUCCESS
add_player: SUCCESS
add_player: SUCCESS
add_player: SUCCESS
add_player: SUCCESS
add_player: SUCCESS
add_player: SUCCESS
add_player: SUCCESS
add_player: SUCCESS
add_player: SUCCESS
add_player: SUCCESS
add_player: SUCCESS
add_player: SUCCESS
add_player: SUCCESS
add_player: SUCCESS
add_player: SUCCESS
add_player: SUCCESS
add_player: SUCCESS
add_player: SUCCESS
add_player: SUCCESS
add_player: SUCCESS
add_player: SUCCESS
add_player: SUCCESS
add_player: SUCCESS
add_player: SUCCESS
add_player: SUCCESS
add_player: SUCCESS
add_player: SUCCESS
add_player: SUCCESS
add_player: SUCCESS
add_player: SUCCESS
add_player: SUCCESS
add_player: SUCCESS
add_player: SUCCESS
add_player: SUCCESS
add_player: SUCCESS
add_player: SUCCESS
add_player: SUCCESS
add_player: SUCCESS
add_player: SUCCESS
add_player: SUCCESS
add_player: SUCCESS
add_player: SUCCESS
add_player: SUCCESS
add_player: SUCCESS
add_player: SUCCESS
add_player: SUCCESS
add_player: SUCCESS
add_player: SUCCESS
add_player: SUCCESS
add_player: SUCCESS
add_player: SUCCESS
add_player: SUCCESS
add_player: SUCCESS
add_player: SUCCESS
add_player: SUCCESS
add_player: SUCCESS
add_player: SUCCESS
add_player: SUCCESS
add_player: SUCCESS
add_player: SUCCESS
add_player: SUCCESS
add_player: SUCCESS
add_player: SUCCESS
add_player: SUCCESS
add_player: SUCCESS
add_player: SUCCESS
add_player: SUCCESS
add_player: SUCCESS
add_player: SUCCESS
add_player: SUCCESS
add_player: SUCCESS
add_player: SUCCESS
add_player: SUCCESS
add_player: SUCCESS
add_player: SUCCESS
add_player: SUCCESS
add_player: SUCCESS
add_player: SUCCESS
add_player: SUCCESS
add_player: SUCCESS
add_player: SUCCESS
add_player: SUCCESS
add_player: SUCCESS
add_player: SUCCESS
add_player: SUCCESS
add_player: SUCCESS
add_player: SUCCESS
add_player: SUCCESS
add_player: SUCCESS
add_player: SUCCESS
add_player: SUCCESS
add_player: SUCCESS
add_player: SUCCESS
remove_team: SUCCESS
get_ith_pointless_ability: SUCCESS, 67
add_player_cards: SUCCESS
add_player: SUCCESS
get_team_points: SUCCESS, 0
get_team_points: SUCCESS, 0
get_player_cards: SUCCESS, 151
get_ith_pointless_ability: SUCCESS, 67
add_team: SUCCESS
get_player_cards: SUCCESS, 36
get_team_points: SUCCESS, 0
add_team: FAILURE
add_player_cards: SUCCESS
add_player_cards: SUCCESS
add_player: SUCCESS
add_player_cards: SUCCESS
get_player_cards: SUCCESS, 275
get_partial_spirit: SUCCESS, 2,3,5,4,1
get_player_cards: SUCCESS, 34
add_player_cards: SUCCESS
get_ith_pointless_ability: SUCCESS, 67
buy_team: SUCCESS
remove_team: SUCCESS
num_played_games_for_player: SUCCESS, 204
add_player: SUCCESS
add_player: SUCCESS
play_match: FAILURE
num_played_games_for_player: SUCCESS, 55
get_player_cards: SUCCESS, 287
play_match: SUCCESS, 1
get_ith_pointless_ability: SUCCESS, 67
get_partial_spirit: SUCCESS, 2,4,3,5,1
add_player: SUCCESS
get_ith_pointless_ability: SUCCESS, 67
get_player_cards: SUCCESS, 99
add_player: SUCCESS
num_played_games_for_player: SUCCESS, 47
add_player: SUCCESS
add_player: SUCCESS
add_team: FAILURE
buy_team: SUCCESS
get_ith_pointless_ability: SUCCESS, 67
add_player_cards: SUCCESS
remove_team: SUCCESS
get_player_cards: SUCCESS, 272
play_match: FAILURE
get_partial_spirit: SUCCESS, 1,5,3,2,4
remove_team: SUCCESS
get_player_cards: SUCCESS, 53
get_team_points: SUCCESS, 0
add_player: SUCCESS
add_player: SUCCESS
add_player: SUCCESS
add_team: FAILURE
buy_team: SUCCESS
remove_team: SUCCESS
add_player: SUCCESS
add_player_cards: SUCCESS
add_player: SUCCESS
num_played_games_for_player: SUCCESS, 247
get_player_cards: SUCCESS, 34
add_player: SUCCESS
add_player: SUCCESS
play_match: FAILURE
add_player: SUCCESS
get_team_points: SUCCESS, 0
buy_team: SUCCESS
add_player_cards: SUCCESS
buy_team: SUCCESS
num_played_games_for_player: SUCCESS, 123
add_player: SUCCESS
remove_team: SUCCESS
add_player: SUCCESS
get_ith_pointless_ability: SUCCESS, 67
buy_team: SUCCESS
num_played_games_for_player: SUCCESS, 53
add_player_cards: SUCCESS
num_played_games_for_player: SUCCESS, 155
get_team_points: FAILURE
num_played_games_for_player: SUCCESS, 183
add_player: SUCCESS
add_player: SUCCESS
remove_team: SUCCESS
add_player_cards: SUCCESS
add_player: SUCCESS
get_team_points: FAILURE
num_played_games_for_player: SUCCESS, 155
get_ith_pointless_ability: SUCCESS, 44
num_played_games_for_player: SUCCESS, 118
add_player: SUCCESS
add_player: SUCCESS
remove_team: SUCCESS
add_player_cards: SUCCESS
get_ith_pointless_ability: SUCCESS, 44
get_team_points: SUCCESS, 0
num_played_games_for_player: SUCCESS, 47
remove_team: SUCCESS
get_team_points: SUCCESS, 0
add_team: FAILURE
buy_team: SUCCESS
get_team_points: SUCCESS, 0
get_partial_spirit: SUCCESS, 3,2,1,4,5
num_played_games_for_player: SUCCESS, 49
num_played_games_for_player: SUCCESS, 292
get_player_cards: SUCCESS, 10
get_ith_pointless_ability: SUCCESS, 44
add_player: SUCCESS
get_team_points: SUCCESS, 0
get_player_cards: SUCCESS, 215
get_ith_pointless_ability: FAILURE
get_player_cards: SUCCESS, 101
add_player: SUCCESS
add_player: SUCCESS
add_team: FAILURE
num_played_games_for_player: SUCCESS, 22
get_team_points: SUCCESS, 0
play_match: FAILURE
num_played_games_for_player: SUCCESS, 120
get_team_points: SUCCESS, 0
add_player: SUCCESS
get_player_cards: SUCCESS, 287
play_match: FAILURE
get_player_cards: SUCCESS, 269
add_player_cards: SUCCESS
get_player_cards: SUCCESS, 402
add_player: SUCCESS
add_player_cards: SUCCESS
get_team_points: FAILURE
buy_team: SUCCESS
remove_team: SUCCESS
num_played_games_for_player: SUCCESS, 225
add_team: FAILURE
add_player_cards: SUCCESS
get_partial_spirit: SUCCESS, 2,4,3,5,1
remove_team: SUCCESS
buy_team: SUCCESS
play_match: FAILURE
play_match: FAILURE
get_team_points: SUCCESS, 0
remove_team: SUCCESS
add_player: SUCCESS
play_match: FAILURE
get_ith_pointless_ability: SUCCESS, 52
get_ith_pointless_ability: SUCCESS, 52
play_match: FAILURE
num_played_games_for_player: SUCCESS, 97
play_match: FAILURE
add_player_cards: SUCCESS
get_team_points: FAILURE
remove_team: FAILURE
get_partial_spirit: SUCCESS, 2,1,4,5,3
get_partial_spirit: SUCCESS, 3,4,2,1,5
num_played_games_for_player: SUCCESS, 11
add_player_cards: SUCCESS
remove_team: FAILURE
get_player_cards: SUCCESS, 273
get_partial_spirit: SUCCESS, 2,1,4,5,3
remove_team: SUCCESS
add_player: SUCCESS
add_player_cards: SUCCESS
add_player: SUCCESS
num_played_games_for_player: SUCCESS, 225
add_player: SUCCESS
play_match: FAILURE
play_match: SUCCESS, 1
get_ith_pointless_ability: FAILURE
remove_team: SUCCESS
get_player_cards: SUCCESS, 8
get_partial_spirit: SUCCESS, 3,5,1,4,2
add_team: FAILURE
add_player: SUCCESS
remove_team: SUCCESS
get_ith_pointless_ability: FAILURE
add_player: SUCCESS
add_player: SUCCESS
get_partial_spirit: SUCCESS, 4,3,2,1,5
buy_team: SUCCESS
num_played_games_for_player: SUCCESS, 280
get_player_cards: SUCCESS, 134
get_team_points: SUCCESS, 0
remove_team: SUCCESS
add_player: SUCCESS
get_player_cards: SUCCESS, 44
add_player: SUCCESS
remove_team: SUCCESS
get_ith_pointless_ability: SUCCESS, 52
add_player_cards: SUCCESS
add_player: SUCCESS
remove_team: FAILURE
remove_team: SUCCESS
get_team_points: SUCCESS, 0
add_player: SUCCESS
add_player: SUCCESS
add_team: FAILURE
add_player: SUCCESS
num_played_games_for_player: SUCCESS, 172
add_player: SUCCESS
get_ith_pointless_ability: SUCCESS, 52
num_played_games_for_player: SUCCESS, 182
