add_team: SUCCESS
add_team: SUCCESS
add_team: SUCCESS
add_team: SUCCESS
add_team: SUCCESS
add_team: SUCCESS
add_team: SUCCESS
add_team: SUCCESS
add_team: SUCCESS
add_team: SUCCESS
add_team: SUCCESS
add_team: SUCCESS
add_team: SUCCESS
add_team: SUCCESS
add_team: SUCCESS
add_team: SUCCESS
add_team: SUCCESS
add_team: SUCCESS
add_team: SUCCESS
add_team: SUCCESS
add_team: SUCCESS
add_team: SUCCESS
add_team: SUCCESS
add_team: SUCCESS
add_team: SUCCESS
add_team: SUCCESS
add_team: SUCCESS
add_team: SUCCESS
add_team: SUCCESS
add_team: SUCCESS
add_team: SUCCESS
add_team: SUCCESS
add_team: SUCCESS
add_team: SUCCESS
add_team: SUCCESS
add_team: SUCCESS
add_team: SUCCESS
add_team: SUCCESS
add_team: SUCCESS
add_team: SUCCESS
add_team: SUCCESS
add_team: SUCCESS
add_team: SUCCESS
add_team: SUCCESS
add_team: SUCCESS
add_team: SUCCESS
add_team: SUCCESS
add_team: SUCCESS
add_team: SUCCESS
add_team: SUCCESS
add_team: SUCCESS
add_team: SUCCESS
add_team: SUCCESS
add_team: SUCCESS
add_team: SUCCESS
add_team: SUCCESS
add_team: SUCCESS
add_team: SUCCESS
add_team: SUCCESS
add_team: SUCCESS
add_team: SUCCESS
add_team: SUCCESS
add_team: SUCCESS
add_team: SUCCESS
add_team: SUCCESS
add_team: SUCCESS
add_team: SUCCESS
add_team: SUCCESS
add_team: SUCCESS
add_team: SUCCESS
add_team: SUCCESS
add_team: SUCCESS
add_team: SUCCESS
add_team: SUCCESS
add_team: SUCCESS
add_team: SUCCESS
add_team: SUCCESS
add_team: SUCCESS
add_team: SUCCESS
add_team: SUCCESS
add_team: SUCCESS
add_team: SUCCESS
add_team: SUCCESS
add_team: SUCCESS
add_team: SUCCESS
add_team: SUCCESS
add_team: SUCCESS
add_team: SUCCESS
add_team: SUCCESS
add_team: SUCCESS
add_team: SUCCESS
add_team: SUCCESS
add_team: SUCCESS
add_team: SUCCESS
add_team: SUCCESS
add_team: SUCCESS
add_team: SUCCESS
add_team: SUCCESS
add_team: SUCCESS
add_team: SUCCESS
add_player: SUCCESS
add_player: SUCCESS
add_player: SUCCESS
add_player: SUCCESS
add_player: SUCCESS
add_player: SUCCESS
add_player: SUCCESS
add_player: SUCCESS
add_player: SUCCESS
add_player: SUCCESS
add_player: SUCCESS
add_player: SUCCESS
add_player: SUCCESS
add_player: SUCCESS
add_player: SUCCESS
add_player: SUCCESS
add_player: SUCCESS
add_player: SUCCESS
add_player: SUCCESS
add_player: SUCCESS
add_player: SUCCESS
add_player: SUCCESS
add_player: SUCCESS
add_player: SUCCESS
add_player: SUCCESS
add_player: SUCCESS
add_player: SUCCESS
add_player: SUCCESS
add_player: SUCCESS
add_player: SUCCESS
add_player: SUCCESS
add_player: SUCCESS
add_player: SUCCESS
add_player: SUCCESS
add_player: SUCCESS
add_player: SUCCESS
add_player: SUCCESS
add_player: SUCCESS
add_player: SUCCESS
add_player: SUCCESS
add_player: SUCCESS
add_player: SUCCESS
add_player: SUCCESS
add_player: SUCCESS
add_player: SUCCESS
add_player: SUCCESS
add_player: SUCCESS
add_player: SUCCESS
add_player: SUCCESS
add_player: SUCCESS
add_player: SUCCESS
add_player: SUCCESS
add_player: SUCCESS
add_player: SUCCESS
add_player: SUCCESS
add_player: SUCCESS
add_player: SUCCESS
add_player: SUCCESS
add_player: SUCCESS
add_player: SUCCESS
add_player: SUCCESS
add_player: SUCCESS
add_player: SUCCESS
add_player: SUCCESS
add_player: SUCCESS
add_player: SUCCESS
add_player: SUCCESS
add_player: SUCCESS
add_player: SUCCESS
add_player: SUCCESS
add_player: SUCCESS
add_player: SUCCESS
add_player: SUCCESS
add_player: SUCCESS
add_player: SUCCESS
add_player: SUCCESS
add_player: SUCCESS
add_player: SUCCESS
add_player: SUCCESS
add_player: SUCCESS
add_player: SUCCESS
add_player: SUCCESS
add_player: SUCCESS
add_player: SUCCESS
add_player: SUCCESS
add_player: SUCCESS
add_player: SUCCESS
add_player: SUCCESS
add_player: SUCCESS
add_player: SUCCESS
add_player: SUCCESS
add_player: SUCCESS
add_player: SUCCESS
add_player: SUCCESS
add_player: SUCCESS
add_player: SUCCESS
add_player: SUCCESS
add_player: SUCCESS
add_player: SUCCESS
add_player: SUCCESS
get_player_cards: SUCCESS, 21
add_team: SUCCESS
get_team_points: SUCCESS, 0
get_player_cards: SUCCESS, 215
play_match: FAILURE
get_player_cards: SUCCESS, 202
get_partial_spirit: SUCCESS, 3,5,1,4,2
add_player_cards: SUCCESS
play_match: FAILURE
get_player_cards: SUCCESS, 136
add_team: FAILURE
get_team_points: SUCCESS, 0
add_team: FAILURE
add_player: SUCCESS
add_player: SUCCESS
get_partial_spirit: SUCCESS, 4,2,1,5,3
get_partial_spirit: SUCCESS, 5,3,4,1,2
buy_team: SUCCESS
add_player_cards: SUCCESS
get_ith_pointless_ability: SUCCESS, 67
get_player_cards: SUCCESS, 23
add_player: SUCCESS
get_ith_pointless_ability: SUCCESS, 67
add_player: SUCCESS
get_player_cards: SUCCESS, 290
add_player: SUCCESS
add_player: SUCCESS
get_ith_pointless_ability: SUCCESS, 67
buy_team: SUCCESS
play_match: FAILURE
play_match: FAILURE
get_player_cards: SUCCESS, 72
add_player: SUCCESS
get_player_cards: SUCCESS, 233
get_team_points: SUCCESS, 0
add_player: SUCCESS
num_played_games_for_player: SUCCESS, 232
get_ith_pointless_ability: SUCCESS, 95
remove_team: SUCCESS
add_player: SUCCESS
add_player: SUCCESS
add_player_cards: SUCCESS
add_player_cards: SUCCESS
add_player: SUCCESS
add_player: SUCCESS
add_player: SUCCESS
remove_team: SUCCESS
get_ith_pointless_ability: SUCCESS, 95
add_player: SUCCESS
add_player: SUCCESS
get_player_cards: SUCCESS, 126
get_team_points: SUCCESS, 0
add_player: SUCCESS
get_team_points: SUCCESS, 0
add_team: FAILURE
get_player_cards: SUCCESS, 78
remove_team: SUCCESS
add_player: SUCCESS
add_team: FAILURE
num_played_games_for_player: SUCCESS, 139
add_team: FAILURE
remove_team: SUCCESS
add_player: SUCCESS
play_match: FAILURE
get_partial_spirit: SUCCESS, 2,4,3,1,5
get_team_points: SUCCESS, 0
remove_team: SUCCESS
remove_team: SUCCESS
add_team: FAILURE
add_player: SUCCESS
get_team_points: SUCCESS, 0
add_team: FAILURE
get_ith_pointless_ability: SUCCESS, 95
get_player_cards: SUCCESS, 34
get_partial_spirit: SUCCESS, 2,3,5,1,4
get_partial_spirit: SUCCESS, 1,4,2,5,3
add_player_cards: SUCCESS
add_player: SUCCESS
add_team: FAILURE
num_played_games_for_player: SUCCESS, 259
remove_team: SUCCESS
buy_team: SUCCESS
play_match: FAILURE
num_played_games_for_player: SUCCESS, 251
get_partial_spirit: SUCCESS, 2,4,3,1,5
add_player_cards: SUCCESS
buy_team: SUCCESS
get_player_cards: SUCCESS, 233
num_played_games_for_player: SUCCESS, 219
get_team_points: SUCCESS, 0
add_player: SUCCESS
num_played_games_for_player: SUCCESS, 197
add_player: SUCCESS
add_player: SUCCESS
get_partial_spirit: SUCCESS, 1,3,4,5,2
get_player_cards: SUCCESS, 1
get_team_points: SUCCESS, 0
add_player: SUCCESS
get_player_cards: SUCCESS, 145
get_partial_spirit: SUCCESS, 4,3,2,5,1
buy_team: SUCCESS
add_player: SUCCESS
get_team_points: SUCCESS, 0
play_match: SUCCESS, 3
get_partial_spirit: SUCCESS, 2,5,1,4,3
num_played_games_for_player: SUCCESS, 269
num_played_games_for_player: SUCCESS, 183
get_partial_spirit: SUCCESS, 2,4,1,3,5
add_player: SUCCESS
get_player_cards: SUCCESS, 182
get_team_points: SUCCESS, 0
remove_team: SUCCESS
get_ith_pointless_ability: SUCCESS, 95
add_team: FAILURE
add_player_cards: SUCCESS
num_played_games_for_player: SUCCESS, 218
get_ith_pointless_ability: SUCCESS, 95
add_player_cards: SUCCESS
num_played_games_for_player: SUCCESS, 242
add_player: SUCCESS
add_player: SUCCESS
get_ith_pointless_ability: SUCCESS, 95
add_player: SUCCESS
remove_team: SUCCESS
add_player: SUCCESS
num_played_games_for_player: SUCCESS, 261
add_player_cards: SUCCESS
add_team: FAILURE
add_player: SUCCESS
remove_team: SUCCESS
get_team_points: SUCCESS, 0
remove_team: SUCCESS
add_player: SUCCESS
add_player: SUCCESS
get_team_points: FAILURE
play_match: SUCCESS, 1
get_partial_spirit: SUCCESS, 2,1,3,4,5
add_player: SUCCESS
add_team: FAILURE
get_partial_spirit: SUCCESS, 2,4,1,3,5
get_team_points: SUCCESS, 0
add_player: SUCCESS
add_player: SUCCESS
add_player: SUCCESS
get_ith_pointless_ability: SUCCESS, 95
get_team_points: SUCCESS, 0
add_player_cards: SUCCESS
add_player_cards: SUCCESS
get_partial_spirit: SUCCESS, 4,5,1,3,2
remove_team: SUCCESS
add_player: SUCCESS
add_player_cards: SUCCESS
add_player: SUCCESS
get_partial_spirit: SUCCESS, 2,1,4,3,5
get_partial_spirit: SUCCESS, 4,1,3,2,5
add_player: SUCCESS
add_player_cards: SUCCESS
get_team_points: FAILURE
remove_team: SUCCESS
get_player_cards: SUCCESS, 239
get_team_points: SUCCESS, 0
add_player_cards: SUCCESS
add_player: SUCCESS
add_player: SUCCESS
remove_team: SUCCESS
play_match: FAILURE
add_player: SUCCESS
num_played_games_for_player: SUCCESS, 220
add_player: SUCCESS
get_player_cards: SUCCESS, 110
add_player: SUCCESS
play_match: FAILURE
num_played_games_for_player: SUCCESS, 106
get_team_points: FAILURE
num_played_games_for_player: SUCCESS, 34
buy_team: SUCCESS
get_ith_pointless_ability: SUCCESS, 95
play_match: FAILURE
add_player: SUCCESS
num_played_games_for_player: SUCCESS, 224
play_match: FAILURE
add_player: SUCCESS
get_player_cards: SUCCESS, 31
buy_team: SUCCESS
get_team_points: SUCCESS, 0
get_ith_pointless_ability: SUCCESS, 95
buy_team: FAILURE
get_partial_spirit: SUCCESS, 2,5,3,1,4
buy_team: SUCCESS
add_player: SUCCESS
num_played_games_for_player: SUCCESS, 129
add_player: SUCCESS
remove_team: SUCCESS
get_partial_spirit: SUCCESS, 3,4,5,2,1
get_player_cards: SUCCESS, 153
add_player: FAILURE
add_player: FAILURE
add_player: FAILURE
num_played_games_for_player: SUCCESS, 129
buy_team: SUCCESS
add_player: FAILURE
add_player: FAILURE
get_player_cards: SUCCESS, 46
add_player_cards: SUCCESS
add_team: FAILURE
buy_team: SUCCESS
add_player: FAILURE
get_player_cards: SUCCESS, 243
play_match: FAILURE
add_player: FAILURE
get_partial_spirit: SUCCESS, 1,2,4,3,5
add_player: FAILURE
buy_team: SUCCESS
add_player_cards: SUCCESS
get_team_points: SUCCESS, 0
get_partial_spirit: SUCCESS, 3,4,1,5,2
add_team: FAILURE
add_player_cards: SUCCESS
play_match: FAILURE
get_player_cards: SUCCESS, 22
add_player_cards: SUCCESS
get_player_cards: SUCCESS, 90
add_player: FAILURE
remove_team: SUCCESS
num_played_games_for_player: SUCCESS, 197
num_played_games_for_player: SUCCESS, 261
num_played_games_for_player: SUCCESS, 239
add_player: FAILURE
remove_team: SUCCESS
play_match: FAILURE
play_match: FAILURE
buy_team: SUCCESS
get_partial_spirit: SUCCESS, 4,1,3,2,5
add_player: FAILURE
get_player_cards: SUCCESS, 298
add_player: FAILURE
get_player_cards: SUCCESS, 235
remove_team: SUCCESS
add_player: FAILURE
play_match: SUCCESS, 3
buy_team: FAILURE
remove_team: SUCCESS
get_player_cards: SUCCESS, 23
get_player_cards: SUCCESS, 233
buy_team: SUCCESS
add_team: FAILURE
add_player_cards: SUCCESS
add_team: FAILURE
get_ith_pointless_ability: SUCCESS, 95
num_played_games_for_player: SUCCESS, 34
remove_team: SUCCESS
num_played_games_for_player: SUCCESS, 293
add_player_cards: SUCCESS
buy_team: SUCCESS
get_ith_pointless_ability: SUCCESS, 84
add_player: FAILURE
play_match: FAILURE
add_player_cards: SUCCESS
add_player: FAILURE
num_played_games_for_player: SUCCESS, 230
get_ith_pointless_ability: SUCCESS, 84
play_match: FAILURE
play_match: FAILURE
buy_team: FAILURE
get_player_cards: SUCCESS, 201
get_ith_pointless_ability: SUCCESS, 84
add_player: FAILURE
add_player_cards: SUCCESS
add_player: FAILURE
buy_team: SUCCESS
add_player: FAILURE
play_match: FAILURE
get_partial_spirit: SUCCESS, 1,5,2,3,4
add_player: FAILURE
add_team: FAILURE
num_played_games_for_player: SUCCESS, 94
add_player: FAILURE
get_partial_spirit: SUCCESS, 1,4,5,3,2
remove_team: SUCCESS
add_player: FAILURE
get_ith_pointless_ability: FAILURE
play_match: FAILURE
get_player_cards: SUCCESS, 26
buy_team: SUCCESS
get_team_points: SUCCESS, 0
add_team: FAILURE
play_match: FAILURE
add_player: FAILURE
get_team_points: SUCCESS, 0
get_team_points: SUCCESS, 0
get_partial_spirit: SUCCESS, 2,3,4,1,5
add_player: FAILURE
remove_team: SUCCESS
buy_team: SUCCESS
get_ith_pointless_ability: SUCCESS, 84
add_player_cards: SUCCESS
get_partial_spirit: SUCCESS, 2,3,4,1,5
remove_team: FAILURE
get_player_cards: SUCCESS, 29
add_player: FAILURE
get_ith_pointless_ability: SUCCESS, 84
buy_team: SUCCESS
get_player_cards: SUCCESS, 346
remove_team: SUCCESS
add_player: FAILURE
get_ith_pointless_ability: FAILURE
add_player: FAILURE
add_player_cards: SUCCESS
get_ith_pointless_ability: SUCCESS, 84
play_match: SUCCESS, 1
remove_team: SUCCESS
play_match: FAILURE
add_team: FAILURE
remove_team: SUCCESS
get_player_cards: SUCCESS, 201
get_team_points: SUCCESS, 0
buy_team: SUCCESS
add_player: FAILURE
remove_team: FAILURE
add_player: FAILURE
get_ith_pointless_ability: FAILURE
add_player: FAILURE
get_ith_pointless_ability: SUCCESS, 84
add_player: FAILURE
add_team: FAILURE
get_partial_spirit: SUCCESS, 5,2,1,3,4
remove_team: SUCCESS
get_player_cards: SUCCESS, 115
get_partial_spirit: SUCCESS, 3,4,5,2,1
add_team: FAILURE
get_team_points: SUCCESS, 0
get_team_points: FAILURE
